[2020-01-29 11:35:30][1] Processing: App\Jobs\SendEmailJob
[2020-01-29 11:35:30][1] Failed:     App\Jobs\SendEmailJob
[2020-01-29 11:35:52][2] Processing: App\Jobs\SendEmailJob
[2020-01-29 11:35:52][2] Failed:     App\Jobs\SendEmailJob
[2020-01-29 11:35:56][3] Processing: App\Jobs\SendEmailJob
[2020-01-29 11:35:56][3] Failed:     App\Jobs\SendEmailJob
[2020-01-29 11:36:00][4] Processing: App\Jobs\SendEmailJob
[2020-01-29 11:36:00][4] Failed:     App\Jobs\SendEmailJob
[2020-01-29 11:36:01][5] Processing: App\Jobs\SendEmailJob
[2020-01-29 11:36:01][5] Failed:     App\Jobs\SendEmailJob
[2020-01-29 11:40:53][6] Processing: App\Jobs\SendEmailJob
[2020-01-29 11:40:53][6] Failed:     App\Jobs\SendEmailJob
[2020-01-29 11:40:53][7] Processing: App\Jobs\SendEmailJob
[2020-01-29 11:40:54][7] Failed:     App\Jobs\SendEmailJob
[2020-01-29 11:41:03][8] Processing: App\Jobs\SendEmailJob
[2020-01-29 11:41:03][8] Failed:     App\Jobs\SendEmailJob
[2020-01-29 11:41:04][9] Processing: App\Jobs\SendEmailJob
[2020-01-29 11:41:04][9] Failed:     App\Jobs\SendEmailJob
[2020-01-29 11:41:14][10] Processing: App\Jobs\SendEmailJob
[2020-01-29 11:41:14][10] Failed:     App\Jobs\SendEmailJob
[2020-01-29 11:41:15][11] Processing: App\Jobs\SendEmailJob
[2020-01-29 11:41:15][11] Failed:     App\Jobs\SendEmailJob
[2020-01-29 11:41:15][12] Processing: App\Jobs\SendEmailJob
[2020-01-29 11:41:15][12] Failed:     App\Jobs\SendEmailJob
[2020-01-29 11:42:05][13] Processing: App\Jobs\SendEmailJob
[2020-01-29 11:42:05][13] Failed:     App\Jobs\SendEmailJob
[2020-01-29 11:42:08][14] Processing: App\Jobs\SendEmailJob
[2020-01-29 11:42:09][14] Failed:     App\Jobs\SendEmailJob
[2020-01-29 11:42:18][15] Processing: App\Jobs\SendEmailJob
[2020-01-29 11:42:19][15] Failed:     App\Jobs\SendEmailJob
[2020-01-29 11:42:25][16] Processing: App\Jobs\SendEmailJob
[2020-01-29 11:42:25][16] Failed:     App\Jobs\SendEmailJob
[2020-01-29 11:44:50][17] Processing: App\Jobs\SendEmailJob
[2020-01-29 11:44:50][17] Failed:     App\Jobs\SendEmailJob
[2020-01-29 11:44:54][18] Processing: App\Jobs\SendEmailJob
[2020-01-29 11:44:54][18] Failed:     App\Jobs\SendEmailJob
[2020-01-29 11:44:54][19] Processing: App\Jobs\SendEmailJob
[2020-01-29 11:44:55][19] Failed:     App\Jobs\SendEmailJob
[2020-01-29 11:44:55][20] Processing: App\Jobs\SendEmailJob
[2020-01-29 11:44:55][20] Failed:     App\Jobs\SendEmailJob
[2020-01-29 11:47:38][21] Processing: App\Jobs\SendEmailJob
[2020-01-29 11:47:38][21] Failed:     App\Jobs\SendEmailJob
[2020-01-29 11:49:17][22] Processing: App\Jobs\SendEmailJob
[2020-01-29 11:49:18][22] Failed:     App\Jobs\SendEmailJob
[2020-01-29 11:49:18][23] Processing: App\Jobs\SendEmailJob
[2020-01-29 11:49:18][23] Failed:     App\Jobs\SendEmailJob
[2020-01-29 11:49:22][24] Processing: App\Jobs\SendEmailJob
[2020-01-29 11:49:22][24] Failed:     App\Jobs\SendEmailJob
[2020-01-29 11:49:58][26] Processing: App\Jobs\SendEmailJob
[2020-01-29 11:49:59][26] Failed:     App\Jobs\SendEmailJob
[2020-01-29 11:50:20][27] Processing: App\Jobs\SendEmailJob
[2020-01-29 11:50:21][27] Failed:     App\Jobs\SendEmailJob
[2020-01-29 11:50:21][28] Processing: App\Jobs\SendEmailJob
[2020-01-29 11:50:22][28] Failed:     App\Jobs\SendEmailJob
[2020-01-29 11:50:22][29] Processing: App\Jobs\SendEmailJob
[2020-01-29 11:50:22][29] Failed:     App\Jobs\SendEmailJob
[2020-01-29 11:50:23][30] Processing: App\Jobs\SendEmailJob
[2020-01-29 11:50:23][30] Failed:     App\Jobs\SendEmailJob
[2020-01-29 11:50:24][31] Processing: App\Jobs\SendEmailJob
[2020-01-29 11:50:24][31] Failed:     App\Jobs\SendEmailJob
[2020-01-29 11:50:25][32] Processing: App\Jobs\SendEmailJob
[2020-01-29 11:50:25][32] Failed:     App\Jobs\SendEmailJob
[2020-01-29 11:50:25][33] Processing: App\Jobs\SendEmailJob
[2020-01-29 11:50:25][33] Failed:     App\Jobs\SendEmailJob
[2020-01-29 11:50:26][34] Processing: App\Jobs\SendEmailJob
[2020-01-29 11:50:26][34] Failed:     App\Jobs\SendEmailJob
[2020-01-29 11:50:26][35] Processing: App\Jobs\SendEmailJob
[2020-01-29 11:50:26][35] Failed:     App\Jobs\SendEmailJob
[2020-01-29 11:50:26][36] Processing: App\Jobs\SendEmailJob
[2020-01-29 11:50:26][36] Failed:     App\Jobs\SendEmailJob
[2020-01-29 11:50:27][37] Processing: App\Jobs\SendEmailJob
[2020-01-29 11:50:27][37] Failed:     App\Jobs\SendEmailJob
[2020-01-29 11:50:27][38] Processing: App\Jobs\SendEmailJob
[2020-01-29 11:50:28][38] Failed:     App\Jobs\SendEmailJob
[2020-01-29 11:50:28][39] Processing: App\Jobs\SendEmailJob
[2020-01-29 11:50:28][39] Failed:     App\Jobs\SendEmailJob
[2020-01-29 11:50:28][40] Processing: App\Jobs\SendEmailJob
[2020-01-29 11:50:29][40] Failed:     App\Jobs\SendEmailJob
[2020-01-29 11:50:30][41] Processing: App\Jobs\SendEmailJob
[2020-01-29 11:50:30][41] Failed:     App\Jobs\SendEmailJob
[2020-01-29 11:51:30][42] Processing: App\Jobs\SendEmailJob
[2020-01-29 11:51:30][42] Failed:     App\Jobs\SendEmailJob
[2020-01-29 11:52:03][43] Processing: App\Jobs\SendEmailJob
[2020-01-29 11:52:03][43] Failed:     App\Jobs\SendEmailJob
[2020-01-29 11:52:04][44] Processing: App\Jobs\SendEmailJob
[2020-01-29 11:52:04][44] Failed:     App\Jobs\SendEmailJob
[2020-01-29 11:52:04][45] Processing: App\Jobs\SendEmailJob
[2020-01-29 11:52:05][45] Failed:     App\Jobs\SendEmailJob
[2020-01-29 11:55:40][47] Processing: App\Jobs\SendEmailJob
[2020-01-29 11:55:40][47] Failed:     App\Jobs\SendEmailJob
[2020-01-29 11:55:41][48] Processing: App\Jobs\SendEmailJob
[2020-01-29 11:55:41][48] Failed:     App\Jobs\SendEmailJob
[2020-01-29 12:09:15][50] Processing: App\Jobs\SendEmailJob
[2020-01-29 12:09:15][50] Failed:     App\Jobs\SendEmailJob
[2020-01-29 12:16:21][53] Processing: App\Jobs\SendEmailJob
[2020-01-29 12:16:22][53] Failed:     App\Jobs\SendEmailJob
[2020-01-29 12:16:25][54] Processing: App\Jobs\SendEmailJob
[2020-01-29 12:16:25][54] Failed:     App\Jobs\SendEmailJob
[2020-01-29 12:16:25][55] Processing: App\Jobs\SendEmailJob
[2020-01-29 12:16:25][55] Failed:     App\Jobs\SendEmailJob
[2020-01-29 12:16:56][56] Processing: App\Jobs\SendEmailJob
[2020-01-29 12:16:56][56] Failed:     App\Jobs\SendEmailJob
[2020-01-29 12:16:56][57] Processing: App\Jobs\SendEmailJob
[2020-01-29 12:16:56][57] Failed:     App\Jobs\SendEmailJob
[2020-01-29 12:17:06][58] Processing: App\Jobs\SendEmailJob
[2020-01-29 12:17:06][58] Failed:     App\Jobs\SendEmailJob
[2020-01-29 12:17:08][59] Processing: App\Jobs\SendEmailJob
[2020-01-29 12:17:08][59] Failed:     App\Jobs\SendEmailJob
[2020-01-29 12:17:08][60] Processing: App\Jobs\SendEmailJob
[2020-01-29 12:17:09][60] Failed:     App\Jobs\SendEmailJob
[2020-01-29 12:17:15][61] Processing: App\Jobs\SendEmailJob
[2020-01-29 12:17:15][61] Failed:     App\Jobs\SendEmailJob
[2020-01-29 12:17:16][63] Processing: App\Jobs\SendEmailJob
[2020-01-29 12:17:16][64] Processing: App\Jobs\SendEmailJob
[2020-01-29 12:17:16][63] Failed:     App\Jobs\SendEmailJob
[2020-01-29 12:17:16][64] Failed:     App\Jobs\SendEmailJob
[2020-01-29 12:17:17][66] Processing: App\Jobs\SendEmailJob
[2020-01-29 12:17:17][66] Failed:     App\Jobs\SendEmailJob
[2020-01-29 12:17:17][68] Processing: App\Mail\SendMailNotification
[2020-01-29 12:17:18][68] Failed:     App\Mail\SendMailNotification
[2020-01-29 12:17:18][69] Processing: App\Mail\SendMailNotification
[2020-01-29 12:17:18][69] Failed:     App\Mail\SendMailNotification
[2020-01-29 12:18:45][62] Processing: App\Jobs\SendEmailJob
[2020-01-29 12:18:45][62] Failed:     App\Jobs\SendEmailJob
[2020-01-29 12:18:46][63] Processing: App\Jobs\SendEmailJob
[2020-01-29 12:18:46][63] Failed:     App\Jobs\SendEmailJob
[2020-01-29 12:18:46][65] Processing: App\Jobs\SendEmailJob
[2020-01-29 12:18:47][65] Failed:     App\Jobs\SendEmailJob
[2020-01-29 12:18:47][66] Processing: App\Jobs\SendEmailJob
[2020-01-29 12:18:47][66] Failed:     App\Jobs\SendEmailJob
[2020-01-29 12:18:47][67] Processing: App\Jobs\SendEmailJob
[2020-01-29 12:18:48][67] Failed:     App\Jobs\SendEmailJob
[2020-01-29 12:18:48][69] Processing: App\Mail\SendMailNotification
[2020-01-29 12:18:48][69] Failed:     App\Mail\SendMailNotification
[2020-01-29 12:18:48][70] Processing: App\Mail\SendMailNotification
[2020-01-29 12:18:49][70] Failed:     App\Mail\SendMailNotification
[2020-01-29 12:24:13][71] Processing: App\Jobs\SendEmailJob
[2020-01-29 12:24:13][71] Failed:     App\Jobs\SendEmailJob
[2020-01-29 12:24:44][72] Processing: App\Jobs\SendEmailJob
[2020-01-29 12:24:44][72] Failed:     App\Jobs\SendEmailJob
[2020-01-29 12:24:47][73] Processing: App\Jobs\SendEmailJob
[2020-01-29 12:24:47][74] Processing: App\Jobs\SendEmailJob
[2020-01-29 12:24:47][73] Failed:     App\Jobs\SendEmailJob
[2020-01-29 12:24:47][74] Failed:     App\Jobs\SendEmailJob
[2020-01-29 13:17:39][80] Processing: App\Jobs\SendEmailJob
[2020-01-29 13:17:39][80] Failed:     App\Jobs\SendEmailJob
[2020-01-29 13:17:42][81] Processing: App\Jobs\SendEmailJob
[2020-01-29 13:17:42][81] Failed:     App\Jobs\SendEmailJob
[2020-01-29 13:18:03][82] Processing: App\Jobs\SendEmailJob
[2020-01-29 13:18:03][82] Failed:     App\Jobs\SendEmailJob
[2020-01-29 13:21:39][83] Processing: App\Jobs\SendEmailJob
[2020-01-29 13:21:40][83] Failed:     App\Jobs\SendEmailJob
[2020-01-29 13:21:40][84] Processing: App\Jobs\SendEmailJob
[2020-01-29 13:21:40][84] Failed:     App\Jobs\SendEmailJob
[2020-01-29 13:21:43][85] Processing: App\Jobs\SendEmailJob
[2020-01-29 13:21:43][85] Failed:     App\Jobs\SendEmailJob
[2020-01-29 13:21:44][86] Processing: App\Jobs\SendEmailJob
[2020-01-29 13:21:44][86] Failed:     App\Jobs\SendEmailJob
[2020-01-29 13:21:44][88] Processing: App\Jobs\SendEmailJob
[2020-01-29 13:21:44][88] Failed:     App\Jobs\SendEmailJob
[2020-01-29 13:23:08][89] Processing: App\Jobs\SendEmailJob
[2020-01-29 13:23:08][89] Failed:     App\Jobs\SendEmailJob
[2020-01-29 13:23:08][90] Processing: App\Jobs\SendEmailJob
[2020-01-29 13:23:08][90] Failed:     App\Jobs\SendEmailJob
[2020-01-29 13:23:09][92] Processing: App\Jobs\SendEmailJob
[2020-01-29 13:23:09][92] Failed:     App\Jobs\SendEmailJob
[2020-01-29 13:23:09][93] Processing: App\Jobs\SendEmailJob
[2020-01-29 13:23:10][93] Failed:     App\Jobs\SendEmailJob
[2020-01-29 13:26:34][95] Processing: App\Jobs\SendEmailJob
[2020-01-29 13:26:34][95] Failed:     App\Jobs\SendEmailJob
[2020-01-29 13:26:59][97] Processing: App\Jobs\SendEmailJob
[2020-01-29 13:26:59][97] Failed:     App\Jobs\SendEmailJob
[2020-01-29 13:27:54][98] Processing: App\Jobs\SendEmailJob
[2020-01-29 13:27:54][98] Failed:     App\Jobs\SendEmailJob
[2020-01-29 13:27:56][99] Processing: App\Jobs\SendEmailJob
[2020-01-29 13:27:56][99] Failed:     App\Jobs\SendEmailJob
[2020-01-29 13:28:24][100] Processing: App\Jobs\SendEmailJob
[2020-01-29 13:28:24][100] Failed:     App\Jobs\SendEmailJob
[2020-01-29 13:28:24][101] Processing: App\Jobs\SendEmailJob
[2020-01-29 13:28:24][101] Failed:     App\Jobs\SendEmailJob
[2020-01-29 13:28:25][102] Processing: App\Jobs\SendEmailJob
[2020-01-29 13:28:25][102] Failed:     App\Jobs\SendEmailJob
[2020-01-29 13:28:25][104] Processing: App\Jobs\SendEmailJob
[2020-01-29 13:28:25][104] Failed:     App\Jobs\SendEmailJob
[2020-01-29 14:44:50][1] Processing: App\Jobs\SendEmailJob
[2020-01-29 14:44:50][1] Failed:     App\Jobs\SendEmailJob
[2020-01-29 14:44:57][2] Processing: App\Jobs\SendEmailJob
[2020-01-29 14:44:57][2] Failed:     App\Jobs\SendEmailJob
[2020-01-29 14:44:57][3] Processing: App\Jobs\SendEmailJob
[2020-01-29 14:44:57][3] Failed:     App\Jobs\SendEmailJob
[2020-01-29 14:44:58][4] Processing: App\Jobs\SendEmailJob
[2020-01-29 14:44:58][4] Failed:     App\Jobs\SendEmailJob
[2020-01-29 14:44:59][6] Processing: App\Jobs\SendEmailJob
[2020-01-29 14:44:59][6] Failed:     App\Jobs\SendEmailJob
[2020-01-29 14:44:59][8] Processing: App\Jobs\SendEmailJob
[2020-01-29 14:44:59][8] Failed:     App\Jobs\SendEmailJob
[2020-01-29 14:45:16][11] Processing: App\Jobs\SendEmailJob
[2020-01-29 14:45:17][11] Failed:     App\Jobs\SendEmailJob
[2020-01-29 14:45:24][14] Processing: App\Jobs\SendEmailJob
[2020-01-29 14:45:24][14] Failed:     App\Jobs\SendEmailJob
[2020-01-29 14:45:25][15] Processing: App\Jobs\SendEmailJob
[2020-01-29 14:45:25][15] Failed:     App\Jobs\SendEmailJob
[2020-01-29 14:45:34][16] Processing: App\Jobs\SendEmailJob
[2020-01-29 14:45:35][16] Failed:     App\Jobs\SendEmailJob
[2020-01-29 14:45:35][18] Processing: App\Jobs\SendEmailJob
[2020-01-29 14:45:35][18] Failed:     App\Jobs\SendEmailJob

                                            
  Command "queue:listener" is not defined.  
                                            
  Did you mean one of these?                
      make:listener                         
      queue:failed                          
      queue:failed-table                    
      queue:flush                           
      queue:forget                          
      queue:listen                          
      queue:restart                         
      queue:retry                           
      queue:table                           
      queue:work                            
                                            

[2020-01-30 07:26:06][19] Processing: App\Jobs\SendEmailJob
[2020-01-30 07:26:06][19] Failed:     App\Jobs\SendEmailJob
[2020-01-30 07:26:06][20] Processing: App\Jobs\SendEmailJob
[2020-01-30 07:26:06][20] Failed:     App\Jobs\SendEmailJob
[2020-01-30 07:26:07][21] Processing: App\Jobs\SendEmailJob
[2020-01-30 07:26:07][21] Failed:     App\Jobs\SendEmailJob
[2020-01-30 07:26:07][22] Processing: App\Jobs\SendEmailJob
[2020-01-30 07:26:07][22] Failed:     App\Jobs\SendEmailJob
[2020-01-30 07:26:08][23] Processing: App\Jobs\SendEmailJob
[2020-01-30 07:26:08][23] Failed:     App\Jobs\SendEmailJob
[2020-01-30 07:26:08][24] Processing: App\Jobs\SendEmailJob
[2020-01-30 07:26:08][24] Failed:     App\Jobs\SendEmailJob
[2020-01-30 07:26:09][25] Processing: App\Jobs\SendEmailJob
[2020-01-30 07:26:09][25] Failed:     App\Jobs\SendEmailJob
[2020-01-30 07:26:09][26] Processing: App\Jobs\SendEmailJob
[2020-01-30 07:26:09][26] Failed:     App\Jobs\SendEmailJob
[2020-01-30 07:26:15][27] Processing: App\Jobs\SendEmailJob
[2020-01-30 07:26:16][27] Failed:     App\Jobs\SendEmailJob
[2020-01-30 07:33:07][1] Processing: App\Jobs\SendEmailJob
[2020-01-30 07:33:07][1] Failed:     App\Jobs\SendEmailJob
[2020-01-30 07:36:35][2] Processing: App\Jobs\SendEmailJob
[2020-01-30 07:36:35][2] Failed:     App\Jobs\SendEmailJob
[2020-01-30 07:39:50][3] Processing: App\Jobs\SendEmailJob
[2020-01-30 07:39:50][3] Failed:     App\Jobs\SendEmailJob
[2020-01-30 07:40:30][4] Processing: App\Jobs\SendEmailJob
[2020-01-30 07:40:30][4] Failed:     App\Jobs\SendEmailJob
[2020-01-30 07:43:06][5] Processing: App\Jobs\SendEmailJob
[2020-01-30 07:43:06][5] Failed:     App\Jobs\SendEmailJob
[2020-01-30 07:58:32][7] Processing: App\Jobs\SendEmailJob
[2020-01-30 07:58:32][7] Failed:     App\Jobs\SendEmailJob
[2020-01-30 08:00:32][8] Processing: App\Jobs\SendEmailJob
[2020-01-30 08:00:32][8] Failed:     App\Jobs\SendEmailJob
[2020-01-30 08:00:42][9] Processing: App\Jobs\SendEmailJob
[2020-01-30 08:00:42][9] Failed:     App\Jobs\SendEmailJob
[2020-01-30 08:04:24][11] Processing: App\Jobs\SendEmailJob
[2020-01-30 08:04:25][11] Processed:  App\Jobs\SendEmailJob
[2020-01-30 08:05:15][12] Processing: App\Jobs\SendEmailJob
[2020-01-30 08:05:15][12] Failed:     App\Jobs\SendEmailJob
[2020-01-30 08:14:37][13] Processing: App\Jobs\SendEmailJob
[2020-01-30 08:14:37][13] Failed:     App\Jobs\SendEmailJob
[2020-01-30 08:15:54][1] Processing: App\Jobs\SendEmailJob
[2020-01-30 08:15:54][2] Processing: App\Jobs\SendEmailJob
[2020-01-30 08:15:54][2] Failed:     App\Jobs\SendEmailJob
[2020-01-30 08:15:55][3] Processing: App\Jobs\SendEmailJob
[2020-01-30 08:15:55][3] Failed:     App\Jobs\SendEmailJob
[2020-01-30 08:15:57][1] Processed:  App\Jobs\SendEmailJob
[2020-01-30 08:15:58][5] Processing: App\Jobs\SendEmailJob
[2020-01-30 08:15:58][5] Processed:  App\Jobs\SendEmailJob
[2020-01-30 10:51:14][1] Processing: App\Jobs\SendEmailJob
[2020-01-30 10:51:14][1] Failed:     App\Jobs\SendEmailJob
[2020-01-30 10:51:23][2] Processing: App\Jobs\SendEmailJob
[2020-01-30 10:51:23][2] Failed:     App\Jobs\SendEmailJob
[2020-01-30 10:51:23][3] Processing: App\Jobs\SendEmailJob
[2020-01-30 10:51:23][4] Processing: App\Jobs\SendEmailJob
[2020-01-30 10:51:24][3] Failed:     App\Jobs\SendEmailJob
[2020-01-30 10:51:24][4] Failed:     App\Jobs\SendEmailJob
[2020-01-30 10:51:36][5] Processing: App\Jobs\SendEmailJob
[2020-01-30 10:51:36][5] Failed:     App\Jobs\SendEmailJob
[2020-01-30 10:53:45][6] Processing: App\Jobs\SendEmailJob
[2020-01-30 10:53:45][6] Failed:     App\Jobs\SendEmailJob
[2020-01-30 10:56:25][7] Processing: App\Jobs\SendEmailJob
[2020-01-30 10:56:25][7] Failed:     App\Jobs\SendEmailJob
[2020-01-30 10:57:28][8] Processing: App\Jobs\SendEmailJob
[2020-01-30 10:57:28][8] Failed:     App\Jobs\SendEmailJob
[2020-01-30 11:05:56][1] Processing: App\Jobs\SendEmailJob
[2020-01-30 11:05:57][1] Processed:  App\Jobs\SendEmailJob
[2020-01-30 11:05:59][2] Processing: App\Jobs\SendEmailJob
[2020-01-30 11:05:59][2] Failed:     App\Jobs\SendEmailJob
[2020-01-30 11:16:23][3] Processing: App\Jobs\SendEmailJob
[2020-01-30 11:16:24][3] Failed:     App\Jobs\SendEmailJob
[2020-01-30 11:16:24][4] Processing: App\Jobs\SendEmailJob
[2020-01-30 11:16:25][4] Processed:  App\Jobs\SendEmailJob
[2020-01-30 11:18:51][5] Processing: App\Jobs\SendEmailJob
[2020-01-30 11:18:51][5] Failed:     App\Jobs\SendEmailJob
[2020-01-30 11:20:48][6] Processing: App\Jobs\SendEmailJob
[2020-01-30 11:20:48][6] Failed:     App\Jobs\SendEmailJob
